# JRE version: OpenJDK Runtime Environment (8.0_152-b02) (build 1.8.0_152-release-1024-b02)
# Java VM: OpenJDK 64-Bit Server VM (25.152-b02 mixed mode windows-amd64 compressed oops)
Heap:
 PSYoungGen      total 169472K, used 90231K [0x00000000e0000000, 0x00000000ef180000, 0x0000000100000000)
  eden space 142848K, 44% used [0x00000000e0000000,0x00000000e3e24748,0x00000000e8b80000)
  from space 26624K, 99% used [0x00000000e8b80000,0x00000000ea5795d0,0x00000000ea580000)
  to   space 38400K, 0% used [0x00000000ecc00000,0x00000000ecc00000,0x00000000ef180000)
 ParOldGen       total 141824K, used 63703K [0x00000000a0000000, 0x00000000a8a80000, 0x00000000e0000000)
  object space 141824K, 44% used [0x00000000a0000000,0x00000000a3e35de8,0x00000000a8a80000)
 Metaspace       used 65826K, capacity 67894K, committed 68184K, reserved 1107968K
  class space    used 8489K, capacity 9040K, committed 9088K, reserved 1048576K
GC Heap History (10 events):
Event: 20.510 GC heap before
{Heap before GC invocations=12 (full 2):
 PSYoungGen      total 114688K, used 114678K [0x00000000e0000000, 0x00000000e9780000, 0x0000000100000000)
  eden space 102400K, 100% used [0x00000000e0000000,0x00000000e6400000,0x00000000e6400000)
  from space 12288K, 99% used [0x00000000e6400000,0x00000000e6ffdac8,0x00000000e7000000)
  to   space 14848K, 0% used [0x00000000e8900000,0x00000000e8900000,0x00000000e9780000)
 ParOldGen       total 141824K, used 18350K [0x00000000a0000000, 0x00000000a8a80000, 0x00000000e0000000)
  object space 141824K, 12% used [0x00000000a0000000,0x00000000a11eba10,0x00000000a8a80000)
 Metaspace       used 52733K, capacity 54282K, committed 54488K, reserved 1095680K
  class space    used 7206K, capacity 7580K, committed 7680K, reserved 1048576K
Event: 20.548 GC heap after
Heap after GC invocations=12 (full 2):
 PSYoungGen      total 136704K, used 14845K [0x00000000e0000000, 0x00000000ea180000, 0x0000000100000000)
  eden space 121856K, 0% used [0x00000000e0000000,0x00000000e0000000,0x00000000e7700000)
  from space 14848K, 99% used [0x00000000e8900000,0x00000000e977f4e0,0x00000000e9780000)
  to   space 18432K, 0% used [0x00000000e7700000,0x00000000e7700000,0x00000000e8900000)
 ParOldGen       total 141824K, used 22799K [0x00000000a0000000, 0x00000000a8a80000, 0x00000000e0000000)
  object space 141824K, 16% used [0x00000000a0000000,0x00000000a1643d98,0x00000000a8a80000)
 Metaspace       used 52733K, capacity 54282K, committed 54488K, reserved 1095680K
  class space    used 7206K, capacity 7580K, committed 7680K, reserved 1048576K
}
Event: 35.486 GC heap before
{Heap before GC invocations=13 (full 2):
 PSYoungGen      total 136704K, used 79746K [0x00000000e0000000, 0x00000000ea180000, 0x0000000100000000)
  eden space 121856K, 53% used [0x00000000e0000000,0x00000000e3f61490,0x00000000e7700000)
  from space 14848K, 99% used [0x00000000e8900000,0x00000000e977f4e0,0x00000000e9780000)
  to   space 18432K, 0% used [0x00000000e7700000,0x00000000e7700000,0x00000000e8900000)
 ParOldGen       total 141824K, used 22799K [0x00000000a0000000, 0x00000000a8a80000, 0x00000000e0000000)
  object space 141824K, 16% used [0x00000000a0000000,0x00000000a1643d98,0x00000000a8a80000)
 Metaspace       used 57278K, capacity 58832K, committed 58968K, reserved 1099776K
  class space    used 7799K, capacity 8227K, committed 8320K, reserved 1048576K
Event: 35.519 GC heap after
Heap after GC invocations=13 (full 2):
 PSYoungGen      total 140288K, used 18264K [0x00000000e0000000, 0x00000000eb980000, 0x0000000100000000)
  eden space 121856K, 0% used [0x00000000e0000000,0x00000000e0000000,0x00000000e7700000)
  from space 18432K, 99% used [0x00000000e7700000,0x00000000e88d6150,0x00000000e8900000)
  to   space 20480K, 0% used [0x00000000ea580000,0x00000000ea580000,0x00000000eb980000)
 ParOldGen       total 141824K, used 22807K [0x00000000a0000000, 0x00000000a8a80000, 0x00000000e0000000)
  object space 141824K, 16% used [0x00000000a0000000,0x00000000a1645d98,0x00000000a8a80000)
 Metaspace       used 57278K, capacity 58832K, committed 58968K, reserved 1099776K
  class space    used 7799K, capacity 8227K, committed 8320K, reserved 1048576K
}
Event: 35.519 GC heap before
{Heap before GC invocations=14 (full 3):
 PSYoungGen      total 140288K, used 18264K [0x00000000e0000000, 0x00000000eb980000, 0x0000000100000000)
  eden space 121856K, 0% used [0x00000000e0000000,0x00000000e0000000,0x00000000e7700000)
  from space 18432K, 99% used [0x00000000e7700000,0x00000000e88d6150,0x00000000e8900000)
  to   space 20480K, 0% used [0x00000000ea580000,0x00000000ea580000,0x00000000eb980000)
 ParOldGen       total 141824K, used 22807K [0x00000000a0000000, 0x00000000a8a80000, 0x00000000e0000000)
  object space 141824K, 16% used [0x00000000a0000000,0x00000000a1645d98,0x00000000a8a80000)
 Metaspace       used 57278K, capacity 58832K, committed 58968K, reserved 1099776K
  class space    used 7799K, capacity 8227K, committed 8320K, reserved 1048576K
Event: 35.955 GC heap after
Heap after GC invocations=14 (full 3):
 PSYoungGen      total 140288K, used 0K [0x00000000e0000000, 0x00000000eb980000, 0x0000000100000000)
  eden space 121856K, 0% used [0x00000000e0000000,0x00000000e0000000,0x00000000e7700000)
  from space 18432K, 0% used [0x00000000e7700000,0x00000000e7700000,0x00000000e8900000)
  to   space 20480K, 0% used [0x00000000ea580000,0x00000000ea580000,0x00000000eb980000)
 ParOldGen       total 141824K, used 32866K [0x00000000a0000000, 0x00000000a8a80000, 0x00000000e0000000)
  object space 141824K, 23% used [0x00000000a0000000,0x00000000a2018808,0x00000000a8a80000)
 Metaspace       used 57278K, capacity 58832K, committed 58968K, reserved 1099776K
  class space    used 7799K, capacity 8227K, committed 8320K, reserved 1048576K
}
Event: 40.716 GC heap before
{Heap before GC invocations=15 (full 3):
 PSYoungGen      total 140288K, used 121856K [0x00000000e0000000, 0x00000000eb980000, 0x0000000100000000)
  eden space 121856K, 100% used [0x00000000e0000000,0x00000000e7700000,0x00000000e7700000)
  from space 18432K, 0% used [0x00000000e7700000,0x00000000e7700000,0x00000000e8900000)
  to   space 20480K, 0% used [0x00000000ea580000,0x00000000ea580000,0x00000000eb980000)
 ParOldGen       total 141824K, used 32866K [0x00000000a0000000, 0x00000000a8a80000, 0x00000000e0000000)
  object space 141824K, 23% used [0x00000000a0000000,0x00000000a2018808,0x00000000a8a80000)
 Metaspace       used 62701K, capacity 64380K, committed 64472K, reserved 1105920K
  class space    used 8256K, capacity 8689K, committed 8704K, reserved 1048576K
Event: 40.773 GC heap after
Heap after GC invocations=15 (full 3):
 PSYoungGen      total 163328K, used 20462K [0x00000000e0000000, 0x00000000ec580000, 0x0000000100000000)
  eden space 142848K, 0% used [0x00000000e0000000,0x00000000e0000000,0x00000000e8b80000)
  from space 20480K, 99% used [0x00000000ea580000,0x00000000eb97b878,0x00000000eb980000)
  to   space 26624K, 0% used [0x00000000e8b80000,0x00000000e8b80000,0x00000000ea580000)
 ParOldGen       total 141824K, used 42210K [0x00000000a0000000, 0x00000000a8a80000, 0x00000000e0000000)
  object space 141824K, 29% used [0x00000000a0000000,0x00000000a2938a40,0x00000000a8a80000)
 Metaspace       used 62701K, capacity 64380K, committed 64472K, reserved 1105920K
  class space    used 8256K, capacity 8689K, committed 8704K, reserved 1048576K
}
Event: 91.583 GC heap before
{Heap before GC invocations=16 (full 3):
 PSYoungGen      total 163328K, used 163310K [0x00000000e0000000, 0x00000000ec580000, 0x0000000100000000)
  eden space 142848K, 100% used [0x00000000e0000000,0x00000000e8b80000,0x00000000e8b80000)
  from space 20480K, 99% used [0x00000000ea580000,0x00000000eb97b878,0x00000000eb980000)
  to   space 26624K, 0% used [0x00000000e8b80000,0x00000000e8b80000,0x00000000ea580000)
 ParOldGen       total 141824K, used 42210K [0x00000000a0000000, 0x00000000a8a80000, 0x00000000e0000000)
  object space 141824K, 29% used [0x00000000a0000000,0x00000000a2938a40,0x00000000a8a80000)
 Metaspace       used 64220K, capacity 66222K, committed 66520K, reserved 1107968K
  class space    used 8377K, capacity 8846K, committed 8960K, reserved 1048576K
Event: 91.682 GC heap after
Heap after GC invocations=16 (full 3):
 PSYoungGen      total 169472K, used 26597K [0x00000000e0000000, 0x00000000ef180000, 0x0000000100000000)
  eden space 142848K, 0% used [0x00000000e0000000,0x00000000e0000000,0x00000000e8b80000)
  from space 26624K, 99% used [0x00000000e8b80000,0x00000000ea5795d0,0x00000000ea580000)
  to   space 38400K, 0% used [0x00000000ecc00000,0x00000000ecc00000,0x00000000ef180000)
 ParOldGen       total 141824K, used 63703K [0x00000000a0000000, 0x00000000a8a80000, 0x00000000e0000000)
  object space 141824K, 44% used [0x00000000a0000000,0x00000000a3e35de8,0x00000000a8a80000)
 Metaspace       used 64220K, capacity 66222K, committed 66520K, reserved 1107968K
  class space    used 8377K, capacity 8846K, committed 8960K, reserved 1048576K
}

